Traceback (most recent call last):
  File "/home/lolasolovyeva/PycharmProjects/LLMGeneratedCodePowerConsumption/generated_code_files/4o/Minimize_OR_of_Remaining_Elements_Using_Operations/Minimize_OR_of_Remaining_Elements_Using_Operations_solution.py", line 74, in <module>
    testSolution(solution)
  File "/home/lolasolovyeva/PycharmProjects/LLMGeneratedCodePowerConsumption/generated_code_files/4o/Minimize_OR_of_Remaining_Elements_Using_Operations/Minimize_OR_of_Remaining_Elements_Using_Operations_solution.py", line 34, in testSolution
    assert solution.minOrAfterOperations(nums, k) == expected_result, f"Test case 1 failed. Expected {expected_result}."
AssertionError: Test case 1 failed. Expected 3.

 Performance counter stats for 'system wide':

              0,77 Joules power/energy-pkg/                                                     

       0,052059403 seconds time elapsed

