Traceback (most recent call last):
  File "/home/lolasolovyeva/PycharmProjects/LLMGeneratedCodePowerConsumption/generated_code_files/4o/Minimum_Number_of_Valid_Strings_to_Form_Target_II/Minimum_Number_of_Valid_Strings_to_Form_Target_II_solution.py", line 67, in <module>
    testSolution(solution)
  File "/home/lolasolovyeva/PycharmProjects/LLMGeneratedCodePowerConsumption/generated_code_files/4o/Minimum_Number_of_Valid_Strings_to_Form_Target_II/Minimum_Number_of_Valid_Strings_to_Form_Target_II_solution.py", line 38, in testSolution
    assert solution.minValidStrings(words, target) == expected_result, f"Test case 3 failed. Expected {expected_result}."
AssertionError: Test case 3 failed. Expected 3.

 Performance counter stats for 'system wide':

              0,79 Joules power/energy-pkg/                                                     

       0,051292256 seconds time elapsed

