Traceback (most recent call last):
  File "/home/lolasolovyeva/PycharmProjects/LLMGeneratedCodePowerConsumption/generated_code_files/o1/Minimize_OR_of_Remaining_Elements_Using_Operations/Minimize_OR_of_Remaining_Elements_Using_Operations_solution.py", line 79, in <module>
    testSolution(solution)
  File "/home/lolasolovyeva/PycharmProjects/LLMGeneratedCodePowerConsumption/generated_code_files/o1/Minimize_OR_of_Remaining_Elements_Using_Operations/Minimize_OR_of_Remaining_Elements_Using_Operations_solution.py", line 44, in testSolution
    assert solution.minOrAfterOperations(nums, k) == expected_result, f"Test case 2 failed. Expected {expected_result}."
AssertionError: Test case 2 failed. Expected 2.

 Performance counter stats for 'system wide':

              0,79 Joules power/energy-pkg/                                                     

       0,059122079 seconds time elapsed

