Traceback (most recent call last):
  File "/home/lolasolovyeva/PycharmProjects/LLMGeneratedCodePowerConsumption/generated_code_files/o1/Length_of_the_Longest_Increasing_Path/Length_of_the_Longest_Increasing_Path_solution.py", line 114, in <module>
    testSolution(solution)
  File "/home/lolasolovyeva/PycharmProjects/LLMGeneratedCodePowerConsumption/generated_code_files/o1/Length_of_the_Longest_Increasing_Path/Length_of_the_Longest_Increasing_Path_solution.py", line 73, in testSolution
    assert solution.maxPathLength(coordinates, k) == expected_result, f"Test case 1 failed. Expected {expected_result}."
AssertionError: Test case 1 failed. Expected 3.

 Performance counter stats for 'system wide':

              0,79 Joules power/energy-pkg/                                                     

       0,051608979 seconds time elapsed

