Traceback (most recent call last):
  File "/home/lolasolovyeva/PycharmProjects/LLMGeneratedCodePowerConsumption/generated_code_files/o1/Minimum_Cost_for_Cutting_Cake_II/Minimum_Cost_for_Cutting_Cake_II_solution.py", line 96, in <module>
    testSolution(solution)
  File "/home/lolasolovyeva/PycharmProjects/LLMGeneratedCodePowerConsumption/generated_code_files/o1/Minimum_Cost_for_Cutting_Cake_II/Minimum_Cost_for_Cutting_Cake_II_solution.py", line 48, in testSolution
    assert solution.minimumCost(m, n, horizontalCut, verticalCut) == expected_result, f"Test case 1 failed. Expected {expected_result}."
AssertionError: Test case 1 failed. Expected 13.

 Performance counter stats for 'system wide':

              0,79 Joules power/energy-pkg/                                                     

       0,051599323 seconds time elapsed

