Traceback (most recent call last):
  File "/home/lolasolovyeva/PycharmProjects/LLMGeneratedCodePowerConsumption/generated_code_files/o1/Find_the_K-th_Character_in_String_Game_II/Find_the_K-th_Character_in_String_Game_II_solution.py", line 84, in <module>
    testSolution(solution)
  File "/home/lolasolovyeva/PycharmProjects/LLMGeneratedCodePowerConsumption/generated_code_files/o1/Find_the_K-th_Character_in_String_Game_II/Find_the_K-th_Character_in_String_Game_II_solution.py", line 67, in testSolution
    assert solution.kthCharacter(k, operations) == expected_result, f"Test case 5 failed. Expected {expected_result}."
AssertionError: Test case 5 failed. Expected a.

 Performance counter stats for 'system wide':

              0,83 Joules power/energy-pkg/                                                     

       0,050648563 seconds time elapsed

